app/build/outputs/logs/manifest-merger-debug-report.txt
-- Merging decision tree log ---
manifest
ADDED from src/main/AndroidManifest.xml:16:1-62:12
	package
		ADDED from src/main/AndroidManifest.xml:17:5-40
		INJECTED from src/main/AndroidManifest.xml
		INJECTED from src/main/AndroidManifest.xml
	android:versionName
		INJECTED from src/main/AndroidManifest.xml
		INJECTED from src/main/AndroidManifest.xml
	xmlns:android
		ADDED from src/main/AndroidManifest.xml:16:11-69
	android:versionCode
		INJECTED from src/main/AndroidManifest.xml
		INJECTED from src/main/AndroidManifest.xml
application
ADDED from src/main/AndroidManifest.xml:19:5-60:19
MERGED from [com.android.support:design:23.3.0] AndroidManifest.xml:22:5-20
MERGED from [com.android.support:appcompat-v7:23.3.0] AndroidManifest.xml:25:5-20
MERGED from [com.android.support:animated-vector-drawable:23.3.0] AndroidManifest.xml:7:5-20
MERGED from [com.android.support:support-vector-drawable:23.3.0] AndroidManifest.xml:7:5-20
MERGED from [com.android.support:support-v4:23.3.0] AndroidManifest.xml:22:5-20
	android:label
		ADDED from src/main/AndroidManifest.xml:22:9-41
	android:supportsRtl
		ADDED from src/main/AndroidManifest.xml:23:9-35
	android:allowBackup
		ADDED from src/main/AndroidManifest.xml:20:9-35
	android:icon
		ADDED from src/main/AndroidManifest.xml:21:9-43
	android:theme
		ADDED from src/main/AndroidManifest.xml:24:9-40
activity#com.example.android.miwok.MainActivity
ADDED from src/main/AndroidManifest.xml:25:9-31:20
	android:name
		ADDED from src/main/AndroidManifest.xml:25:19-47
intent-filter#android.intent.action.MAIN+android.intent.category.LAUNCHER
ADDED from src/main/AndroidManifest.xml:26:13-30:29
action#android.intent.action.MAIN
ADDED from src/main/AndroidManifest.xml:27:17-69
	android:name
		ADDED from src/main/AndroidManifest.xml:27:25-66
category#android.intent.category.LAUNCHER
ADDED from src/main/AndroidManifest.xml:29:17-77
	android:name
		ADDED from src/main/AndroidManifest.xml:29:27-74
activity#com.example.android.miwok.NumbersActivity
ADDED from src/main/AndroidManifest.xml:32:9-38:80
	android:label
		ADDED from src/main/AndroidManifest.xml:34:13-53
	android:parentActivityName
		ADDED from src/main/AndroidManifest.xml:35:13-80
	android:name
		ADDED from src/main/AndroidManifest.xml:33:13-44
meta-data#android.support.PARENT_ACTIVITY
ADDED from src/main/AndroidManifest.xml:36:13-38:69
	android:value
		ADDED from src/main/AndroidManifest.xml:38:13-67
	android:name
		ADDED from src/main/AndroidManifest.xml:37:13-59
activity#com.example.android.miwok.FamilyActivity
ADDED from src/main/AndroidManifest.xml:39:9-45:84
	android:label
		ADDED from src/main/AndroidManifest.xml:41:13-52
	android:parentActivityName
		ADDED from src/main/AndroidManifest.xml:42:13-80
	android:name
		ADDED from src/main/AndroidManifest.xml:40:13-43
activity#com.example.android.miwok.ColorsActivity
ADDED from src/main/AndroidManifest.xml:46:9-52:84
	android:label
		ADDED from src/main/AndroidManifest.xml:48:13-52
	android:parentActivityName
		ADDED from src/main/AndroidManifest.xml:49:13-80
	android:name
		ADDED from src/main/AndroidManifest.xml:47:13-43
activity#com.example.android.miwok.PhrasesActivity
ADDED from src/main/AndroidManifest.xml:53:9-59:84
	android:label
		ADDED from src/main/AndroidManifest.xml:55:13-53
	android:parentActivityName
		ADDED from src/main/AndroidManifest.xml:56:13-80
	android:name
		ADDED from src/main/AndroidManifest.xml:54:13-44
uses-sdk
INJECTED from src/main/AndroidManifest.xml reason: use-sdk injection requested
MERGED from [com.android.support:design:23.3.0] AndroidManifest.xml:20:5-43
MERGED from [com.android.support:appcompat-v7:23.3.0] AndroidManifest.xml:21:5-23:78
MERGED from [com.android.support:animated-vector-drawable:23.3.0] AndroidManifest.xml:5:5-44
MERGED from [com.android.support:support-vector-drawable:23.3.0] AndroidManifest.xml:5:5-43
MERGED from [com.android.support:recyclerview-v7:23.3.0] AndroidManifest.xml:20:5-43
MERGED from [com.android.support:support-v4:23.3.0] AndroidManifest.xml:20:5-43
	tools:overrideLibrary
		ADDED from [com.android.support:appcompat-v7:23.3.0] AndroidManifest.xml:23:9-75
	android:targetSdkVersion
		INJECTED from src/main/AndroidManifest.xml
		INJECTED from src/main/AndroidManifest.xml
	android:minSdkVersion
		INJECTED from src/main/AndroidManifest.xml
		INJECTED from src/main/AndroidManifest.xml